<?xml version="1.0" encoding="UTF-8"?>
<testsuite xmlns:xsi="http://www.w3.org/2001/XMLSchema-instance" xsi:noNamespaceSchemaLocation="https://maven.apache.org/surefire/maven-surefire-plugin/xsd/surefire-test-report-3.0.xsd" version="3.0" name="TestSuite" time="12.028" tests="6" errors="0" skipped="0" failures="2">
  <properties>
[...]
</properties>
  <testcase name="AddItemMealPlanTest" classname="MealPlanTest" time="5.975">
    <failure message="could not access constructor: private java.lang.AssertionError(java.lang.String) with arguments: [1 expectation failed.&#10;Expected status code &lt;200&gt; but was &lt;404&gt;.&#10;] reason: java.lang.IllegalAccessException: class org.codehaus.groovy.reflection.CachedConstructor cannot access a member of class java.lang.AssertionError (in module java.base) with modifiers &quot;private&quot;" type="groovy.lang.GroovyRuntimeException"><![CDATA[groovy.lang.GroovyRuntimeException: 
could not access constructor: private java.lang.AssertionError(java.lang.String) with arguments: [1 expectation failed.
Expected status code <200> but was <404>.
] reason: java.lang.IllegalAccessException: class org.codehaus.groovy.reflection.CachedConstructor cannot access a member of class java.lang.AssertionError (in module java.base) with modifiers "private"
	at org.codehaus.groovy.reflection.CachedConstructor.createException(CachedConstructor.java:103)
	at org.codehaus.groovy.reflection.CachedConstructor.invoke(CachedConstructor.java:89)
	at org.codehaus.groovy.reflection.CachedConstructor.doConstructorInvoke(CachedConstructor.java:77)
	at org.codehaus.groovy.runtime.callsite.ConstructorSite$ConstructorSiteNoUnwrap.callConstructor(ConstructorSite.java:84)
	at org.codehaus.groovy.runtime.callsite.CallSiteArray.defaultCallConstructor(CallSiteArray.java:59)
	at org.codehaus.groovy.runtime.callsite.AbstractCallSite.callConstructor(AbstractCallSite.java:238)
	at org.codehaus.groovy.runtime.callsite.AbstractCallSite.callConstructor(AbstractCallSite.java:250)
	at io.restassured.internal.ResponseSpecificationImpl$HamcrestAssertionClosure.validate(ResponseSpecificationImpl.groovy:494)
	at io.restassured.internal.ResponseSpecificationImpl$HamcrestAssertionClosure$validate$1.call(Unknown Source)
	at org.codehaus.groovy.runtime.callsite.CallSiteArray.defaultCall(CallSiteArray.java:47)
	at org.codehaus.groovy.runtime.callsite.AbstractCallSite.call(AbstractCallSite.java:116)
	at org.codehaus.groovy.runtime.callsite.AbstractCallSite.call(AbstractCallSite.java:128)
	at io.restassured.internal.ResponseSpecificationImpl.validateResponseIfRequired(ResponseSpecificationImpl.groovy:656)
	at java.base/jdk.internal.reflect.DirectMethodHandleAccessor.invoke(DirectMethodHandleAccessor.java:103)
	at java.base/java.lang.reflect.Method.invoke(Method.java:580)
	at org.codehaus.groovy.runtime.callsite.PogoMetaMethodSite$PogoCachedMethodSiteNoUnwrapNoCoerce.invoke(PogoMetaMethodSite.java:210)
	at org.codehaus.groovy.runtime.callsite.PogoMetaMethodSite.callCurrent(PogoMetaMethodSite.java:59)
	at org.codehaus.groovy.runtime.callsite.CallSiteArray.defaultCallCurrent(CallSiteArray.java:51)
	at org.codehaus.groovy.runtime.callsite.AbstractCallSite.callCurrent(AbstractCallSite.java:157)
	at org.codehaus.groovy.runtime.callsite.AbstractCallSite.callCurrent(AbstractCallSite.java:169)
	at io.restassured.internal.ResponseSpecificationImpl.statusCode(ResponseSpecificationImpl.groovy:125)
	at io.restassured.specification.ResponseSpecification$statusCode$0.callCurrent(Unknown Source)
	at org.codehaus.groovy.runtime.callsite.CallSiteArray.defaultCallCurrent(CallSiteArray.java:51)
	at org.codehaus.groovy.runtime.callsite.AbstractCallSite.callCurrent(AbstractCallSite.java:157)
	at org.codehaus.groovy.runtime.callsite.AbstractCallSite.callCurrent(AbstractCallSite.java:169)
	at io.restassured.internal.ResponseSpecificationImpl.statusCode(ResponseSpecificationImpl.groovy:133)
	at io.restassured.internal.ValidatableResponseOptionsImpl.statusCode(ValidatableResponseOptionsImpl.java:119)
	at MealPlanTest.AddItemMealPlanTest(MealPlanTest.java:76)
	at java.base/jdk.internal.reflect.DirectMethodHandleAccessor.invoke(DirectMethodHandleAccessor.java:103)
	at java.base/java.lang.reflect.Method.invoke(Method.java:580)
	at org.testng.internal.MethodInvocationHelper.invokeMethod(MethodInvocationHelper.java:124)
	at org.testng.internal.Invoker.invokeMethod(Invoker.java:571)
	at org.testng.internal.Invoker.invokeTestMethod(Invoker.java:707)
	at org.testng.internal.Invoker.invokeTestMethods(Invoker.java:979)
	at org.testng.internal.TestMethodWorker.invokeTestMethods(TestMethodWorker.java:125)
	at org.testng.internal.TestMethodWorker.run(TestMethodWorker.java:109)
	at java.base/java.util.concurrent.ThreadPoolExecutor.runWorker(ThreadPoolExecutor.java:1144)
	at java.base/java.util.concurrent.ThreadPoolExecutor$Worker.run(ThreadPoolExecutor.java:642)
	at java.base/java.lang.Thread.run(Thread.java:1583)
]]></failure>
    <system-out><![CDATA[Request method:	POST
Request URI:	https://api.spoonacular.com/recipes/vera0/items?apiKey=e50b64651133412f89bc24ff1faad1a9&hash=afac8da18a6acc44bd3146984653c415c30abcab
Proxy:			<none>
Request params:	<none>
Query params:	apiKey=e50b64651133412f89bc24ff1faad1a9
				hash=afac8da18a6acc44bd3146984653c415c30abcab
Form params:	<none>
Path params:	<none>
Headers:		Accept=application/json, application/javascript, text/javascript, text/json
				Content-Type=application/json; charset=UTF-8
Cookies:		<none>
Multiparts:		<none>
Body:
[
    {
        "date": 1589500800,
        "slot": 1,
        "position": 0,
        "type": "INGREDIENTS",
        "value": {
            "ingredients": [
                {
                    "name": "1 banana"
                },
                {
                    "name": "coffee",
                    "unit": "cup",
                    "amount": "1",
                    "image": "https://img.spoonacular.com/ingredients_100x100/brewed-coffee.jpg"
                }
            ]
        }
    },
    {
        "date": 1589500800,
        "slot": 2,
        "position": 0,
        "type": "CUSTOM_FOOD",
        "value": {
            "id": 348,
            "servings": 1,
            "title": "Aldi Spicy Cashews - 30g",
            "image": "https://img.spoonacular.com/ingredients_100x100/cashews.jpg"
        }
    }
]

HTTP/1.1 404 Not Found
Date: Wed, 03 Apr 2024 11:18:45 GMT
Content-Type: text/html;charset=utf-8
Transfer-Encoding: chunked
Connection: keep-alive
Allow-Control-Allow-Origin: *
Access-Control-Allow-Origin: *
Access-Control-Allow-Headers: Authorization, UserId, Hash, Name, Password, Accept, Accept-Language, x-api-key, Content-Language, Content-Type, Cache-Control, Origin, X-Requested-With
Access-Control-Allow-Methods: GET, HEAD, POST, OPTIONS, DELETE, PUT
Allow-Control-Allow-Methods: GET, HEAD, POST, OPTIONS, DELETE, PUT
CF-Cache-Status: DYNAMIC
Report-To: {"endpoints":[{"url":"https:\/\/a.nel.cloudflare.com\/report\/v4?s=eLe3mJcUDDUynWCmV0OcZkBC0V2i1xJEhMy25eIwULFJ%2BRCMI3v9cfI0YRoMfuGzcgBnQ%2Bj%2Fx2VZ7w27eYNUJxPI5pmFSMXQpw11AZHG8M4TBnlYl5YAAae%2FYzIfOc06Im%2Ffi%2Bc%3D"}],"group":"cf-nel","max_age":604800}
NEL: {"success_fraction":0,"report_to":"cf-nel","max_age":604800}
Server: cloudflare
CF-RAY: 86e8a8dfff7a68db-CGK
Content-Encoding: gzip
alt-svc: h3=":443"; ma=86400

<html>
  <head>
    <title>Apache Tomcat/6.0.37 - Error report</title>
    <style>&lt;!--H1 {font-family:Tahoma,Arial,sans-serif;color:white;background-color:#525D76;font-size:22px;} H2 {font-family:Tahoma,Arial,sans-serif;color:white;background-color:#525D76;font-size:16px;} H3 {font-family:Tahoma,Arial,sans-serif;color:white;background-color:#525D76;font-size:14px;} BODY {font-family:Tahoma,Arial,sans-serif;color:black;background-color:white;} B {font-family:Tahoma,Arial,sans-serif;color:white;background-color:#525D76;} P {font-family:Tahoma,Arial,sans-serif;background:white;color:black;font-size:12px;}A {color : black;}A.name {color : black;}HR {color : #525D76;}--&gt;</style>
  </head>
  <body>
    <h1>HTTP Status 404 - Not Found</h1>
    <hr noshade="noshade" size="1"/>
    <p>
      <b>type</b>
 Status report    </p>
    <p>
      <b>message</b>
      <u>Not Found</u>
    </p>
    <p>
      <b>description</b>
      <u>The requested resource is not available.</u>
    </p>
    <hr noshade="noshade" size="1"/>
    <h3>Apache Tomcat/6.0.37</h3>
  </body>
</html>
]]></system-out>
    <system-err><![CDATA[SLF4J: Failed to load class "org.slf4j.impl.StaticLoggerBinder".
SLF4J: Defaulting to no-operation (NOP) logger implementation
SLF4J: See http://www.slf4j.org/codes.html#StaticLoggerBinder for further details.
]]></system-err>
  </testcase>
  <testcase name="MealPlanGenerateTest" classname="MealPlanTest" time="1.005">
    <failure message="could not access constructor: private java.lang.AssertionError(java.lang.String) with arguments: [1 expectation failed.&#10;Expected status code &lt;200&gt; but was &lt;404&gt;.&#10;] reason: java.lang.IllegalAccessException: class org.codehaus.groovy.reflection.CachedConstructor cannot access a member of class java.lang.AssertionError (in module java.base) with modifiers &quot;private&quot;" type="groovy.lang.GroovyRuntimeException"><![CDATA[groovy.lang.GroovyRuntimeException: 
could not access constructor: private java.lang.AssertionError(java.lang.String) with arguments: [1 expectation failed.
Expected status code <200> but was <404>.
] reason: java.lang.IllegalAccessException: class org.codehaus.groovy.reflection.CachedConstructor cannot access a member of class java.lang.AssertionError (in module java.base) with modifiers "private"
	at org.codehaus.groovy.reflection.CachedConstructor.createException(CachedConstructor.java:103)
	at org.codehaus.groovy.reflection.CachedConstructor.invoke(CachedConstructor.java:89)
	at org.codehaus.groovy.reflection.CachedConstructor.doConstructorInvoke(CachedConstructor.java:77)
	at org.codehaus.groovy.runtime.callsite.ConstructorSite$ConstructorSiteNoUnwrap.callConstructor(ConstructorSite.java:84)
	at org.codehaus.groovy.runtime.callsite.AbstractCallSite.callConstructor(AbstractCallSite.java:250)
	at io.restassured.internal.ResponseSpecificationImpl$HamcrestAssertionClosure.validate(ResponseSpecificationImpl.groovy:494)
	at io.restassured.internal.ResponseSpecificationImpl$HamcrestAssertionClosure$validate$1.call(Unknown Source)
	at io.restassured.internal.ResponseSpecificationImpl.validateResponseIfRequired(ResponseSpecificationImpl.groovy:656)
	at java.base/jdk.internal.reflect.DirectMethodHandleAccessor.invoke(DirectMethodHandleAccessor.java:103)
	at java.base/java.lang.reflect.Method.invoke(Method.java:580)
	at org.codehaus.groovy.runtime.callsite.PogoMetaMethodSite$PogoCachedMethodSiteNoUnwrapNoCoerce.invoke(PogoMetaMethodSite.java:210)
	at org.codehaus.groovy.runtime.callsite.PogoMetaMethodSite.callCurrent(PogoMetaMethodSite.java:59)
	at org.codehaus.groovy.runtime.callsite.AbstractCallSite.callCurrent(AbstractCallSite.java:169)
	at io.restassured.internal.ResponseSpecificationImpl.statusCode(ResponseSpecificationImpl.groovy:125)
	at io.restassured.specification.ResponseSpecification$statusCode$0.callCurrent(Unknown Source)
	at io.restassured.internal.ResponseSpecificationImpl.statusCode(ResponseSpecificationImpl.groovy:133)
	at io.restassured.internal.ValidatableResponseOptionsImpl.statusCode(ValidatableResponseOptionsImpl.java:119)
	at MealPlanTest.MealPlanGenerateTest(MealPlanTest.java:25)
	at java.base/jdk.internal.reflect.DirectMethodHandleAccessor.invoke(DirectMethodHandleAccessor.java:103)
	at java.base/java.lang.reflect.Method.invoke(Method.java:580)
	at org.testng.internal.MethodInvocationHelper.invokeMethod(MethodInvocationHelper.java:124)
	at org.testng.internal.Invoker.invokeMethod(Invoker.java:571)
	at org.testng.internal.Invoker.invokeTestMethod(Invoker.java:707)
	at org.testng.internal.Invoker.invokeTestMethods(Invoker.java:979)
	at org.testng.internal.TestMethodWorker.invokeTestMethods(TestMethodWorker.java:125)
	at org.testng.internal.TestMethodWorker.run(TestMethodWorker.java:109)
	at java.base/java.util.concurrent.ThreadPoolExecutor.runWorker(ThreadPoolExecutor.java:1144)
	at java.base/java.util.concurrent.ThreadPoolExecutor$Worker.run(ThreadPoolExecutor.java:642)
	at java.base/java.lang.Thread.run(Thread.java:1583)
]]></failure>
    <system-out><![CDATA[Request method:	GET
Request URI:	https://api.spoonacular.com/recipes/generate?apiKey=e50b64651133412f89bc24ff1faad1a9
Proxy:			<none>
Request params:	<none>
Query params:	apiKey=e50b64651133412f89bc24ff1faad1a9
Form params:	<none>
Path params:	<none>
Headers:		Accept=*/*
Cookies:		<none>
Multiparts:		<none>
Body:			<none>

HTTP/1.1 404 Not Found
Date: Wed, 03 Apr 2024 11:18:47 GMT
Content-Type: text/html;charset=utf-8
Transfer-Encoding: chunked
Connection: keep-alive
Allow-Control-Allow-Origin: *
Access-Control-Allow-Origin: *
Access-Control-Allow-Headers: Authorization, UserId, Hash, Name, Password, Accept, Accept-Language, x-api-key, Content-Language, Content-Type, Cache-Control, Origin, X-Requested-With
Access-Control-Allow-Methods: GET, HEAD, POST, OPTIONS, DELETE, PUT
Allow-Control-Allow-Methods: GET, HEAD, POST, OPTIONS, DELETE, PUT
CF-Cache-Status: DYNAMIC
Report-To: {"endpoints":[{"url":"https:\/\/a.nel.cloudflare.com\/report\/v4?s=Hwug2vBKpNN2sGucFrYfisocVglKYQT2fgTYwYOhJKATMm%2BufbSbAv25MCBGkyDL4v7l4gZwYyX%2F9Sbcq9%2FyuZsjcgfqA90qsw4s7ng8h5bZQIvNca0WnPE%2BTLOER035%2BuIijeg%3D"}],"group":"cf-nel","max_age":604800}
NEL: {"success_fraction":0,"report_to":"cf-nel","max_age":604800}
Server: cloudflare
CF-RAY: 86e8a8eb0f074012-SIN
Content-Encoding: gzip
alt-svc: h3=":443"; ma=86400

<html>
  <head>
    <title>Apache Tomcat/6.0.37 - Error report</title>
    <style>&lt;!--H1 {font-family:Tahoma,Arial,sans-serif;color:white;background-color:#525D76;font-size:22px;} H2 {font-family:Tahoma,Arial,sans-serif;color:white;background-color:#525D76;font-size:16px;} H3 {font-family:Tahoma,Arial,sans-serif;color:white;background-color:#525D76;font-size:14px;} BODY {font-family:Tahoma,Arial,sans-serif;color:black;background-color:white;} B {font-family:Tahoma,Arial,sans-serif;color:white;background-color:#525D76;} P {font-family:Tahoma,Arial,sans-serif;background:white;color:black;font-size:12px;}A {color : black;}A.name {color : black;}HR {color : #525D76;}--&gt;</style>
  </head>
  <body>
    <h1>HTTP Status 404 - Not Found</h1>
    <hr noshade="noshade" size="1"/>
    <p>
      <b>type</b>
 Status report    </p>
    <p>
      <b>message</b>
      <u>Not Found</u>
    </p>
    <p>
      <b>description</b>
      <u>The requested resource is not available.</u>
    </p>
    <hr noshade="noshade" size="1"/>
    <h3>Apache Tomcat/6.0.37</h3>
  </body>
</html>
]]></system-out>
  </testcase>
  <testcase name="AnalyzeRecipesTest" classname="RecipeTest" time="1.016"/>
  <testcase name="SearchRecipesRandomTest" classname="RecipeTest" time="1.075"/>
  <testcase name="SearchRecipesTest" classname="RecipeTest" time="0.646"/>
  <testcase name="guessNutritionTest" classname="RecipeTest" time="1.224"/>
</testsuite>