<?xml version="1.0" encoding="UTF-8"?>
<testng-results ignored="2" total="6" passed="3" failed="1" skipped="0">
  <reporter-output>
  </reporter-output>
  <suite started-at="2024-03-28T11:19:41Z" name="Surefire suite" finished-at="2024-03-28T11:19:46Z" duration-ms="5247">
    <groups>
    </groups>
    <test started-at="2024-03-28T11:19:41Z" name="Surefire test" finished-at="2024-03-28T11:19:46Z" duration-ms="5247">
      <class name="MealPlanTest">
        <test-method is-config="true" signature="SetUpSuite()[pri:0, instance:MealPlanTest@7770f470]" started-at="2024-03-28T18:19:40Z" name="SetUpSuite" description="Configure URI" finished-at="2024-03-28T18:19:41Z" duration-ms="283" status="PASS">
          <reporter-output>
          </reporter-output>
        </test-method> <!-- SetUpSuite -->
        <test-method is-config="true" signature="SetUpSuite()[pri:0, instance:RecipeTest@5e5d171f]" started-at="2024-03-28T18:19:41Z" name="SetUpSuite" description="Configure URI" finished-at="2024-03-28T18:19:41Z" duration-ms="0" status="PASS">
          <reporter-output>
          </reporter-output>
        </test-method> <!-- SetUpSuite -->
        <test-method signature="AddItemMealPlanTest()[pri:0, instance:MealPlanTest@7770f470]" started-at="2024-03-28T18:19:41Z" name="AddItemMealPlanTest" description="Add item to mealplan" finished-at="2024-03-28T18:19:43Z" duration-ms="2414" status="PASS">
          <reporter-output>
          </reporter-output>
        </test-method> <!-- AddItemMealPlanTest -->
        <test-method signature="DeleteItemToMealPlanTest()[pri:0, instance:MealPlanTest@7770f470]" started-at="2024-03-28T18:19:43Z" name="DeleteItemToMealPlanTest" description="Delete item to mealplan" finished-at="2024-03-28T18:19:44Z" duration-ms="768" status="FAIL">
          <exception class="groovy.lang.GroovyRuntimeException">
            <message>
              <![CDATA[could not access constructor: private java.lang.AssertionError(java.lang.String) with arguments: [1 expectation failed.Expected status code <200> but was <404>.] reason: java.lang.IllegalAccessException: class org.codehaus.groovy.reflection.CachedConstructor cannot access a member of class java.lang.AssertionError (in module java.base) with modifiers "private"]]>
            </message>
            <full-stacktrace>
              <![CDATA[groovy.lang.GroovyRuntimeException: could not access constructor: private java.lang.AssertionError(java.lang.String) with arguments: [1 expectation failed.Expected status code <200> but was <404>.] reason: java.lang.IllegalAccessException: class org.codehaus.groovy.reflection.CachedConstructor cannot access a member of class java.lang.AssertionError (in module java.base) with modifiers "private"at org.codehaus.groovy.reflection.CachedConstructor.createException(CachedConstructor.java:103)at org.codehaus.groovy.reflection.CachedConstructor.invoke(CachedConstructor.java:89)at org.codehaus.groovy.reflection.CachedConstructor.doConstructorInvoke(CachedConstructor.java:77)at org.codehaus.groovy.runtime.callsite.ConstructorSite$ConstructorSiteNoUnwrap.callConstructor(ConstructorSite.java:84)at org.codehaus.groovy.runtime.callsite.CallSiteArray.defaultCallConstructor(CallSiteArray.java:59)at org.codehaus.groovy.runtime.callsite.AbstractCallSite.callConstructor(AbstractCallSite.java:238)at org.codehaus.groovy.runtime.callsite.AbstractCallSite.callConstructor(AbstractCallSite.java:250)at io.restassured.internal.ResponseSpecificationImpl$HamcrestAssertionClosure.validate(ResponseSpecificationImpl.groovy:494)at io.restassured.internal.ResponseSpecificationImpl$HamcrestAssertionClosure$validate$1.call(Unknown Source)at io.restassured.internal.ResponseSpecificationImpl.validateResponseIfRequired(ResponseSpecificationImpl.groovy:656)at java.base/jdk.internal.reflect.DirectMethodHandleAccessor.invoke(DirectMethodHandleAccessor.java:103)at java.base/java.lang.reflect.Method.invoke(Method.java:580)at org.codehaus.groovy.runtime.callsite.PogoMetaMethodSite$PogoCachedMethodSiteNoUnwrapNoCoerce.invoke(PogoMetaMethodSite.java:210)at org.codehaus.groovy.runtime.callsite.PogoMetaMethodSite.callCurrent(PogoMetaMethodSite.java:59)at org.codehaus.groovy.runtime.callsite.AbstractCallSite.callCurrent(AbstractCallSite.java:169)at io.restassured.internal.ResponseSpecificationImpl.statusCode(ResponseSpecificationImpl.groovy:125)at io.restassured.specification.ResponseSpecification$statusCode$0.callCurrent(Unknown Source)at io.restassured.internal.ResponseSpecificationImpl.statusCode(ResponseSpecificationImpl.groovy:133)at io.restassured.internal.ValidatableResponseOptionsImpl.statusCode(ValidatableResponseOptionsImpl.java:119)at MealPlanTest.DeleteItemToMealPlanTest(MealPlanTest.java:90)at java.base/jdk.internal.reflect.DirectMethodHandleAccessor.invoke(DirectMethodHandleAccessor.java:103)at java.base/java.lang.reflect.Method.invoke(Method.java:580)at org.testng.internal.MethodInvocationHelper.invokeMethod(MethodInvocationHelper.java:124)at org.testng.internal.Invoker.invokeMethod(Invoker.java:571)at org.testng.internal.Invoker.invokeTestMethod(Invoker.java:707)at org.testng.internal.Invoker.invokeTestMethods(Invoker.java:979)at org.testng.internal.TestMethodWorker.invokeTestMethods(TestMethodWorker.java:125)at org.testng.internal.TestMethodWorker.run(TestMethodWorker.java:109)at java.base/java.util.concurrent.ThreadPoolExecutor.runWorker(ThreadPoolExecutor.java:1144)at java.base/java.util.concurrent.ThreadPoolExecutor$Worker.run(ThreadPoolExecutor.java:642)at java.base/java.lang.Thread.run(Thread.java:1583)]]>
            </full-stacktrace>
          </exception> <!-- groovy.lang.GroovyRuntimeException -->
          <reporter-output>
          </reporter-output>
        </test-method> <!-- DeleteItemToMealPlanTest -->
        <test-method signature="MealPlanGenerateTest()[pri:0, instance:MealPlanTest@7770f470]" started-at="2024-03-28T18:19:44Z" name="MealPlanGenerateTest" description="Generate MealPlan" finished-at="2024-03-28T18:19:45Z" duration-ms="951" status="PASS">
          <reporter-output>
          </reporter-output>
        </test-method> <!-- MealPlanGenerateTest -->
        <test-method is-config="true" signature="TearDownSuite()[pri:0, instance:MealPlanTest@7770f470]" started-at="2024-03-28T18:19:46Z" name="TearDownSuite" finished-at="2024-03-28T18:19:46Z" duration-ms="3" status="PASS">
          <reporter-output>
          </reporter-output>
        </test-method> <!-- TearDownSuite -->
        <test-method is-config="true" signature="TearDownSuite()[pri:0, instance:RecipeTest@5e5d171f]" started-at="2024-03-28T18:19:46Z" name="TearDownSuite" finished-at="2024-03-28T18:19:46Z" duration-ms="1" status="PASS">
          <reporter-output>
          </reporter-output>
        </test-method> <!-- TearDownSuite -->
      </class> <!-- MealPlanTest -->
      <class name="RecipeTest">
        <test-method signature="MealPlanSearchRecipesTest()[pri:0, instance:RecipeTest@5e5d171f]" started-at="2024-03-28T18:19:45Z" name="MealPlanSearchRecipesTest" description="Search Recipes MealPlan" finished-at="2024-03-28T18:19:46Z" duration-ms="1041" status="PASS">
          <reporter-output>
          </reporter-output>
        </test-method> <!-- MealPlanSearchRecipesTest -->
      </class> <!-- RecipeTest -->
    </test> <!-- Surefire test -->
  </suite> <!-- Surefire suite -->
</testng-results>
